[debug] [2021-03-09T11:50:51.552Z] ----------------------------------------------------------------------
[debug] [2021-03-09T11:50:51.555Z] Command:       C:\Program Files\nodejs\node.exe C:\Users\hp\AppData\Roaming\npm\node_modules\firebase-tools\lib\bin\firebase.js init
[debug] [2021-03-09T11:50:51.556Z] CLI Version:   9.6.0
[debug] [2021-03-09T11:50:51.556Z] Platform:      win32
[debug] [2021-03-09T11:50:51.556Z] Node Version:  v12.14.1
[debug] [2021-03-09T11:50:51.558Z] Time:          Tue Mar 09 2021 17:20:51 GMT+0530 (India Standard Time)
[debug] [2021-03-09T11:50:51.558Z] ----------------------------------------------------------------------
[debug] [2021-03-09T11:50:51.559Z] 
[debug] [2021-03-09T11:50:51.571Z] > command requires scopes: ["email","openid","https://www.googleapis.com/auth/cloudplatformprojects.readonly","https://www.googleapis.com/auth/firebase","https://www.googleapis.com/auth/cloud-platform"]
[debug] [2021-03-09T11:50:51.572Z] > authorizing via signed-in user
[info] 
     ######## #### ########  ######## ########     ###     ######  ########
     ##        ##  ##     ## ##       ##     ##  ##   ##  ##       ##
     ######    ##  ########  ######   ########  #########  ######  ######
     ##        ##  ##    ##  ##       ##     ## ##     ##       ## ##
     ##       #### ##     ## ######## ########  ##     ##  ######  ########

You're about to initialize a Firebase project in this directory:

  C:\Users\hp\Desktop\Projects\Youtube_applications\my-weather-app

Before we get started, keep in mind:

  * You are initializing in an existing Firebase project directory

